<?xml version="1.0" encoding="UTF-8"?>
<!-- Generated by org.testng.reporters.JUnitXMLReporter -->
<testsuite hostname="DESKTOP-N82JFE8" ignored="0" name="Default test" tests="1" failures="0" timestamp="17 Dec 2019 16:51:07 GMT" time="0.043" errors="0">
  <testcase name="@BeforeMethod buildDriver" time="0.014" classname="lib.driver.DriverManager">
    <failure type="java.lang.AssertionError" message="Fail for C:\Users\HP\eclipse-workspace\framework/src/test/resourcesnull with the error C:\Users\HP\eclipse-workspace\framework\src\test\resourcesnull (The system cannot find the file specified)">
      <![CDATA[java.lang.AssertionError: Fail for C:\Users\HP\eclipse-workspace\framework/src/test/resourcesnull with the error C:\Users\HP\eclipse-workspace\framework\src\test\resourcesnull (The system cannot find the file specified)
at org.junit.Assert.fail(Assert.java:93)
at utilities.parse.ReadWriteJson.getValueFromName(ReadWriteJson.java:35)
at utilities.parse.ReadWriteJson.getValueFromConfigFile(ReadWriteJson.java:18)
at lib.driver.DriverManager.getDriverType(DriverManager.java:35)
at lib.driver.DriverManager.buildDriver(DriverManager.java:22)
at sun.reflect.NativeMethodAccessorImpl.invoke0(Native Method)
at sun.reflect.NativeMethodAccessorImpl.invoke(Unknown Source)
at sun.reflect.DelegatingMethodAccessorImpl.invoke(Unknown Source)
at java.lang.reflect.Method.invoke(Unknown Source)
at org.testng.internal.MethodInvocationHelper.invokeMethod(MethodInvocationHelper.java:124)
at org.testng.internal.MethodInvocationHelper.invokeMethodConsideringTimeout(MethodInvocationHelper.java:59)
at org.testng.internal.Invoker.invokeConfigurationMethod(Invoker.java:458)
at org.testng.internal.Invoker.invokeConfigurations(Invoker.java:222)
at org.testng.internal.Invoker.invokeMethod(Invoker.java:523)
at org.testng.internal.Invoker.invokeTestMethod(Invoker.java:719)
at org.testng.internal.Invoker.invokeTestMethods(Invoker.java:989)
at org.testng.internal.TestMethodWorker.invokeTestMethods(TestMethodWorker.java:125)
at org.testng.internal.TestMethodWorker.run(TestMethodWorker.java:109)
at org.testng.TestRunner.privateRun(TestRunner.java:648)
at org.testng.TestRunner.run(TestRunner.java:505)
at org.testng.SuiteRunner.runTest(SuiteRunner.java:455)
at org.testng.SuiteRunner.runSequentially(SuiteRunner.java:450)
at org.testng.SuiteRunner.privateRun(SuiteRunner.java:415)
at org.testng.SuiteRunner.run(SuiteRunner.java:364)
at org.testng.SuiteRunnerWorker.runSuite(SuiteRunnerWorker.java:52)
at org.testng.SuiteRunnerWorker.run(SuiteRunnerWorker.java:84)
at org.testng.TestNG.runSuitesSequentially(TestNG.java:1208)
at org.testng.TestNG.runSuitesLocally(TestNG.java:1137)
at org.testng.TestNG.runSuites(TestNG.java:1049)
at org.testng.TestNG.run(TestNG.java:1017)
at org.testng.remote.AbstractRemoteTestNG.run(AbstractRemoteTestNG.java:132)
at org.testng.remote.RemoteTestNG.initAndRun(RemoteTestNG.java:230)
at org.testng.remote.RemoteTestNG.main(RemoteTestNG.java:76)
]]>
    </failure>
  </testcase> <!-- @BeforeMethod buildDriver -->
  <testcase name="@AfterMethod closeDriver" time="0.0" classname="lib.driver.DriverManager">
    <skipped/>
  </testcase> <!-- @AfterMethod closeDriver -->
  <testcase name="test_Login" time="0.0" classname="TestCase.Test01">
    <skipped/>
  </testcase> <!-- test_Login -->
</testsuite> <!-- Default test -->
